This file contains any messages produced by compilers while
running configure, to aid debugging if configure makes a mistake.

It was created by cspec configure 0.3.0-snapshot, which was
generated by GNU Autoconf 2.69.  Invocation command line was

  $ ./configure 

## --------- ##
## Platform. ##
## --------- ##

hostname = Unais-MacBook-Air.local
uname -m = x86_64
uname -r = 11.4.0
uname -s = Darwin
uname -v = Darwin Kernel Version 11.4.0: Mon Apr  9 19:32:15 PDT 2012; root:xnu-1699.26.8~1/RELEASE_X86_64

/usr/bin/uname -p = i386
/bin/uname -X     = unknown

/bin/arch              = unknown
/usr/bin/arch -k       = unknown
/usr/convex/getsysinfo = unknown
/usr/bin/hostinfo      = Mach kernel version:
	 Darwin Kernel Version 11.4.0: Mon Apr  9 19:32:15 PDT 2012; root:xnu-1699.26.8~1/RELEASE_X86_64
Kernel configured for up to 4 processors.
2 processors are physically available.
4 processors are logically available.
Processor type: i486 (Intel 80486)
Processors active: 0 1 2 3
Primary memory available: 4.00 gigabytes
Default processor set: 104 tasks, 576 threads, 4 processors
Load average: 0.48, Mach factor: 3.51
/bin/machine           = unknown
/usr/bin/oslevel       = unknown
/bin/universe          = unknown

PATH: /opt/local/bin
PATH: /opt/local/sbin
PATH: /usr/bin
PATH: /bin
PATH: /usr/sbin
PATH: /sbin
PATH: /usr/local/bin
PATH: /usr/X11/bin
PATH: /usr/texbin


## ----------- ##
## Core tests. ##
## ----------- ##

configure:2251: checking for a BSD-compatible install
configure:2319: result: /usr/bin/install -c
configure:2330: checking whether build environment is sane
configure:2385: result: yes
configure:2536: checking for a thread-safe mkdir -p
configure:2575: result: ./install-sh -c -d
configure:2588: checking for gawk
configure:2618: result: no
configure:2588: checking for mawk
configure:2618: result: no
configure:2588: checking for nawk
configure:2618: result: no
configure:2588: checking for awk
configure:2604: found /usr/bin/awk
configure:2615: result: awk
configure:2626: checking whether make sets $(MAKE)
configure:2648: result: yes
configure:2838: checking for gcc
configure:2854: found /usr/bin/gcc
configure:2865: result: gcc
configure:3094: checking for C compiler version
configure:3103: gcc --version >&5
i686-apple-darwin11-llvm-gcc-4.2 (GCC) 4.2.1 (Based on Apple Inc. build 5658) (LLVM build 2336.9.00)
Copyright (C) 2007 Free Software Foundation, Inc.
This is free software; see the source for copying conditions.  There is NO
warranty; not even for MERCHANTABILITY or FITNESS FOR A PARTICULAR PURPOSE.

configure:3114: $? = 0
configure:3103: gcc -v >&5
Using built-in specs.
Target: i686-apple-darwin11
Configured with: /private/var/tmp/llvmgcc42/llvmgcc42-2336.9~22/src/configure --disable-checking --enable-werror --prefix=/Applications/Xcode.app/Contents/Developer/usr/llvm-gcc-4.2 --mandir=/share/man --enable-languages=c,objc,c++,obj-c++ --program-prefix=llvm- --program-transform-name=/^[cg][^.-]*$/s/$/-4.2/ --with-slibdir=/usr/lib --build=i686-apple-darwin11 --enable-llvm=/private/var/tmp/llvmgcc42/llvmgcc42-2336.9~22/dst-llvmCore/Developer/usr/local --program-prefix=i686-apple-darwin11- --host=x86_64-apple-darwin11 --target=i686-apple-darwin11 --with-gxx-include-dir=/usr/include/c++/4.2.1
Thread model: posix
gcc version 4.2.1 (Based on Apple Inc. build 5658) (LLVM build 2336.9.00)
configure:3114: $? = 0
configure:3103: gcc -V >&5
llvm-gcc-4.2: argument to `-V' is missing
configure:3114: $? = 1
configure:3103: gcc -qversion >&5
i686-apple-darwin11-llvm-gcc-4.2: no input files
configure:3114: $? = 1
configure:3134: checking whether the C compiler works
configure:3156: gcc    conftest.c  >&5
configure:3160: $? = 0
configure:3208: result: yes
configure:3211: checking for C compiler default output file name
configure:3213: result: a.out
configure:3219: checking for suffix of executables
configure:3226: gcc -o conftest    conftest.c  >&5
configure:3230: $? = 0
configure:3252: result: 
configure:3274: checking whether we are cross compiling
configure:3282: gcc -o conftest    conftest.c  >&5
configure:3286: $? = 0
configure:3293: ./conftest
configure:3297: $? = 0
configure:3312: result: no
configure:3317: checking for suffix of object files
configure:3339: gcc -c   conftest.c >&5
configure:3343: $? = 0
configure:3364: result: o
configure:3368: checking whether we are using the GNU C compiler
configure:3387: gcc -c   conftest.c >&5
configure:3387: $? = 0
configure:3396: result: yes
configure:3405: checking whether gcc accepts -g
configure:3425: gcc -c -g  conftest.c >&5
configure:3425: $? = 0
configure:3466: result: yes
configure:3483: checking for gcc option to accept ISO C89
configure:3546: gcc  -c -g -O2  conftest.c >&5
configure:3546: $? = 0
configure:3559: result: none needed
configure:3590: checking for style of include used by make
configure:3618: result: GNU
configure:3644: checking dependency style of gcc
configure:3755: result: gcc3
configure:3813: checking for ranlib
configure:3829: found /usr/bin/ranlib
configure:3840: result: ranlib
configure:3872: checking how to run the C preprocessor
configure:3903: gcc -E  conftest.c
configure:3903: $? = 0
configure:3917: gcc -E  conftest.c
conftest.c:11:28: error: ac_nonexistent.h: No such file or directory
configure:3917: $? = 1
configure: failed program was:
| /* confdefs.h */
| #define PACKAGE_NAME "cspec"
| #define PACKAGE_TARNAME "cspec"
| #define PACKAGE_VERSION "0.3.0-snapshot"
| #define PACKAGE_STRING "cspec 0.3.0-snapshot"
| #define PACKAGE_BUGREPORT "quanyangyi0323@gmail.com"
| #define PACKAGE_URL ""
| #define PACKAGE "cspec"
| #define VERSION "0.3.0-snapshot"
| /* end confdefs.h.  */
| #include <ac_nonexistent.h>
configure:3942: result: gcc -E
configure:3962: gcc -E  conftest.c
configure:3962: $? = 0
configure:3976: gcc -E  conftest.c
conftest.c:11:28: error: ac_nonexistent.h: No such file or directory
configure:3976: $? = 1
configure: failed program was:
| /* confdefs.h */
| #define PACKAGE_NAME "cspec"
| #define PACKAGE_TARNAME "cspec"
| #define PACKAGE_VERSION "0.3.0-snapshot"
| #define PACKAGE_STRING "cspec 0.3.0-snapshot"
| #define PACKAGE_BUGREPORT "quanyangyi0323@gmail.com"
| #define PACKAGE_URL ""
| #define PACKAGE "cspec"
| #define VERSION "0.3.0-snapshot"
| /* end confdefs.h.  */
| #include <ac_nonexistent.h>
configure:4005: checking for grep that handles long lines and -e
configure:4063: result: /usr/bin/grep
configure:4068: checking for egrep
configure:4130: result: /usr/bin/grep -E
configure:4135: checking for ANSI C header files
configure:4155: gcc -c -g -O2  conftest.c >&5
configure:4155: $? = 0
configure:4228: gcc -o conftest -g -O2   conftest.c  >&5
configure:4228: $? = 0
configure:4228: ./conftest
configure:4228: $? = 0
configure:4239: result: yes
configure:4252: checking for sys/types.h
configure:4252: gcc -c -g -O2  conftest.c >&5
configure:4252: $? = 0
configure:4252: result: yes
configure:4252: checking for sys/stat.h
configure:4252: gcc -c -g -O2  conftest.c >&5
configure:4252: $? = 0
configure:4252: result: yes
configure:4252: checking for stdlib.h
configure:4252: gcc -c -g -O2  conftest.c >&5
configure:4252: $? = 0
configure:4252: result: yes
configure:4252: checking for string.h
configure:4252: gcc -c -g -O2  conftest.c >&5
configure:4252: $? = 0
configure:4252: result: yes
configure:4252: checking for memory.h
configure:4252: gcc -c -g -O2  conftest.c >&5
configure:4252: $? = 0
configure:4252: result: yes
configure:4252: checking for strings.h
configure:4252: gcc -c -g -O2  conftest.c >&5
configure:4252: $? = 0
configure:4252: result: yes
configure:4252: checking for inttypes.h
configure:4252: gcc -c -g -O2  conftest.c >&5
configure:4252: $? = 0
configure:4252: result: yes
configure:4252: checking for stdint.h
configure:4252: gcc -c -g -O2  conftest.c >&5
configure:4252: $? = 0
configure:4252: result: yes
configure:4252: checking for unistd.h
configure:4252: gcc -c -g -O2  conftest.c >&5
configure:4252: $? = 0
configure:4252: result: yes
configure:4267: checking for memory.h
configure:4267: result: yes
configure:4267: checking for stdlib.h
configure:4267: result: yes
configure:4267: checking for string.h
configure:4267: result: yes
configure:4279: checking for an ANSI C-conforming const
configure:4345: gcc -c -g -O2  conftest.c >&5
configure:4345: $? = 0
configure:4352: result: yes
configure:4360: checking for size_t
configure:4360: gcc -c -g -O2  conftest.c >&5
configure:4360: $? = 0
configure:4360: gcc -c -g -O2  conftest.c >&5
conftest.c: In function 'main':
conftest.c:60: error: expected expression before ')' token
configure:4360: $? = 1
configure: failed program was:
| /* confdefs.h */
| #define PACKAGE_NAME "cspec"
| #define PACKAGE_TARNAME "cspec"
| #define PACKAGE_VERSION "0.3.0-snapshot"
| #define PACKAGE_STRING "cspec 0.3.0-snapshot"
| #define PACKAGE_BUGREPORT "quanyangyi0323@gmail.com"
| #define PACKAGE_URL ""
| #define PACKAGE "cspec"
| #define VERSION "0.3.0-snapshot"
| #define STDC_HEADERS 1
| #define HAVE_SYS_TYPES_H 1
| #define HAVE_SYS_STAT_H 1
| #define HAVE_STDLIB_H 1
| #define HAVE_STRING_H 1
| #define HAVE_MEMORY_H 1
| #define HAVE_STRINGS_H 1
| #define HAVE_INTTYPES_H 1
| #define HAVE_STDINT_H 1
| #define HAVE_UNISTD_H 1
| #define HAVE_MEMORY_H 1
| #define HAVE_STDLIB_H 1
| #define HAVE_STRING_H 1
| /* end confdefs.h.  */
| #include <stdio.h>
| #ifdef HAVE_SYS_TYPES_H
| # include <sys/types.h>
| #endif
| #ifdef HAVE_SYS_STAT_H
| # include <sys/stat.h>
| #endif
| #ifdef STDC_HEADERS
| # include <stdlib.h>
| # include <stddef.h>
| #else
| # ifdef HAVE_STDLIB_H
| #  include <stdlib.h>
| # endif
| #endif
| #ifdef HAVE_STRING_H
| # if !defined STDC_HEADERS && defined HAVE_MEMORY_H
| #  include <memory.h>
| # endif
| # include <string.h>
| #endif
| #ifdef HAVE_STRINGS_H
| # include <strings.h>
| #endif
| #ifdef HAVE_INTTYPES_H
| # include <inttypes.h>
| #endif
| #ifdef HAVE_STDINT_H
| # include <stdint.h>
| #endif
| #ifdef HAVE_UNISTD_H
| # include <unistd.h>
| #endif
| int
| main ()
| {
| if (sizeof ((size_t)))
| 	    return 0;
|   ;
|   return 0;
| }
configure:4360: result: yes
configure:4375: checking for stdlib.h
configure:4375: result: yes
configure:4385: checking for GNU libc compatible malloc
configure:4409: gcc -o conftest -g -O2   conftest.c  >&5
configure:4409: $? = 0
configure:4409: ./conftest
configure:4409: $? = 0
configure:4419: result: yes
configure:4442: checking for stdlib.h
configure:4442: result: yes
configure:4452: checking for GNU libc compatible realloc
configure:4476: gcc -o conftest -g -O2   conftest.c  >&5
configure:4476: $? = 0
configure:4476: ./conftest
configure:4476: $? = 0
configure:4486: result: yes
configure:4509: checking for vprintf
configure:4509: gcc -o conftest -g -O2   conftest.c  >&5
conftest.c:51: warning: conflicting types for built-in function 'vprintf'
configure:4509: $? = 0
configure:4509: result: yes
configure:4515: checking for _doprnt
configure:4515: gcc -o conftest -g -O2   conftest.c  >&5
Undefined symbols for architecture x86_64:
  "__doprnt", referenced from:
      _main in cckmRHMR.o
ld: symbol(s) not found for architecture x86_64
collect2: ld returned 1 exit status
configure:4515: $? = 1
configure: failed program was:
| /* confdefs.h */
| #define PACKAGE_NAME "cspec"
| #define PACKAGE_TARNAME "cspec"
| #define PACKAGE_VERSION "0.3.0-snapshot"
| #define PACKAGE_STRING "cspec 0.3.0-snapshot"
| #define PACKAGE_BUGREPORT "quanyangyi0323@gmail.com"
| #define PACKAGE_URL ""
| #define PACKAGE "cspec"
| #define VERSION "0.3.0-snapshot"
| #define STDC_HEADERS 1
| #define HAVE_SYS_TYPES_H 1
| #define HAVE_SYS_STAT_H 1
| #define HAVE_STDLIB_H 1
| #define HAVE_STRING_H 1
| #define HAVE_MEMORY_H 1
| #define HAVE_STRINGS_H 1
| #define HAVE_INTTYPES_H 1
| #define HAVE_STDINT_H 1
| #define HAVE_UNISTD_H 1
| #define HAVE_MEMORY_H 1
| #define HAVE_STDLIB_H 1
| #define HAVE_STRING_H 1
| #define HAVE_STDLIB_H 1
| #define HAVE_MALLOC 1
| #define HAVE_STDLIB_H 1
| #define HAVE_REALLOC 1
| #define HAVE_VPRINTF 1
| /* end confdefs.h.  */
| /* Define _doprnt to an innocuous variant, in case <limits.h> declares _doprnt.
|    For example, HP-UX 11i <limits.h> declares gettimeofday.  */
| #define _doprnt innocuous__doprnt
| 
| /* System header to define __stub macros and hopefully few prototypes,
|     which can conflict with char _doprnt (); below.
|     Prefer <limits.h> to <assert.h> if __STDC__ is defined, since
|     <limits.h> exists even on freestanding compilers.  */
| 
| #ifdef __STDC__
| # include <limits.h>
| #else
| # include <assert.h>
| #endif
| 
| #undef _doprnt
| 
| /* Override any GCC internal prototype to avoid an error.
|    Use char because int might match the return type of a GCC
|    builtin and then its argument prototype would still apply.  */
| #ifdef __cplusplus
| extern "C"
| #endif
| char _doprnt ();
| /* The GNU C library defines this for functions which it implements
|     to always fail with ENOSYS.  Some functions are actually named
|     something starting with __ and the normal name is an alias.  */
| #if defined __stub__doprnt || defined __stub____doprnt
| choke me
| #endif
| 
| int
| main ()
| {
| return _doprnt ();
|   ;
|   return 0;
| }
configure:4515: result: no
configure:4529: checking for memset
configure:4529: gcc -o conftest -g -O2   conftest.c  >&5
conftest.c:52: warning: conflicting types for built-in function 'memset'
configure:4529: $? = 0
configure:4529: result: yes
configure:4529: checking for strdup
configure:4529: gcc -o conftest -g -O2   conftest.c  >&5
conftest.c:53: warning: conflicting types for built-in function 'strdup'
configure:4529: $? = 0
configure:4529: result: yes
configure:4650: checking that generated files are newer than configure
configure:4656: result: done
configure:4691: creating ./config.status

## ---------------------- ##
## Running config.status. ##
## ---------------------- ##

This file was extended by cspec config.status 0.3.0-snapshot, which was
generated by GNU Autoconf 2.69.  Invocation command line was

  CONFIG_FILES    = 
  CONFIG_HEADERS  = 
  CONFIG_LINKS    = 
  CONFIG_COMMANDS = 
  $ ./config.status 

on Unais-MacBook-Air.local

config.status:867: creating Makefile
config.status:867: creating src/Makefile
config.status:867: creating examples/spec/Makefile
config.status:867: creating config.h
config.status:1096: executing depfiles commands

## ---------------- ##
## Cache variables. ##
## ---------------- ##

ac_cv_c_compiler_gnu=yes
ac_cv_c_const=yes
ac_cv_env_CC_set=
ac_cv_env_CC_value=
ac_cv_env_CFLAGS_set=
ac_cv_env_CFLAGS_value=
ac_cv_env_CPPFLAGS_set=
ac_cv_env_CPPFLAGS_value=
ac_cv_env_CPP_set=
ac_cv_env_CPP_value=
ac_cv_env_LDFLAGS_set=
ac_cv_env_LDFLAGS_value=
ac_cv_env_LIBS_set=
ac_cv_env_LIBS_value=
ac_cv_env_build_alias_set=
ac_cv_env_build_alias_value=
ac_cv_env_host_alias_set=
ac_cv_env_host_alias_value=
ac_cv_env_target_alias_set=
ac_cv_env_target_alias_value=
ac_cv_func__doprnt=no
ac_cv_func_malloc_0_nonnull=yes
ac_cv_func_memset=yes
ac_cv_func_realloc_0_nonnull=yes
ac_cv_func_strdup=yes
ac_cv_func_vprintf=yes
ac_cv_header_inttypes_h=yes
ac_cv_header_memory_h=yes
ac_cv_header_stdc=yes
ac_cv_header_stdint_h=yes
ac_cv_header_stdlib_h=yes
ac_cv_header_string_h=yes
ac_cv_header_strings_h=yes
ac_cv_header_sys_stat_h=yes
ac_cv_header_sys_types_h=yes
ac_cv_header_unistd_h=yes
ac_cv_objext=o
ac_cv_path_EGREP='/usr/bin/grep -E'
ac_cv_path_GREP=/usr/bin/grep
ac_cv_path_install='/usr/bin/install -c'
ac_cv_prog_AWK=awk
ac_cv_prog_CPP='gcc -E'
ac_cv_prog_ac_ct_CC=gcc
ac_cv_prog_ac_ct_RANLIB=ranlib
ac_cv_prog_cc_c89=
ac_cv_prog_cc_g=yes
ac_cv_prog_make_make_set=yes
ac_cv_type_size_t=yes
am_cv_CC_dependencies_compiler_type=gcc3

## ----------------- ##
## Output variables. ##
## ----------------- ##

ACLOCAL='${SHELL} /Users/uorbe001/installed_native/cspec/missing --run aclocal-1.12'
AMDEPBACKSLASH='\'
AMDEP_FALSE='#'
AMDEP_TRUE=''
AMTAR='$${TAR-tar}'
AUTOCONF='${SHELL} /Users/uorbe001/installed_native/cspec/missing --run autoconf'
AUTOHEADER='${SHELL} /Users/uorbe001/installed_native/cspec/missing --run autoheader'
AUTOMAKE='${SHELL} /Users/uorbe001/installed_native/cspec/missing --run automake-1.12'
AWK='awk'
CC='gcc'
CCDEPMODE='depmode=gcc3'
CFLAGS='-g -O2'
COVERAGE_FALSE=''
COVERAGE_TRUE='#'
CPP='gcc -E'
CPPFLAGS=''
CYGPATH_W='echo'
DEBUG_FALSE=''
DEBUG_TRUE='#'
DEFS='-DHAVE_CONFIG_H'
DEPDIR='.deps'
ECHO_C='\c'
ECHO_N=''
ECHO_T=''
EGREP='/usr/bin/grep -E'
EXEEXT=''
GREP='/usr/bin/grep'
INSTALL_DATA='${INSTALL} -m 644'
INSTALL_PROGRAM='${INSTALL}'
INSTALL_SCRIPT='${INSTALL}'
INSTALL_STRIP_PROGRAM='$(install_sh) -c -s'
LDFLAGS=''
LIBOBJS=''
LIBS=''
LTLIBOBJS=''
MAKEINFO='${SHELL} /Users/uorbe001/installed_native/cspec/missing --run makeinfo'
MKDIR_P='./install-sh -c -d'
OBJEXT='o'
PACKAGE='cspec'
PACKAGE_BUGREPORT='quanyangyi0323@gmail.com'
PACKAGE_NAME='cspec'
PACKAGE_STRING='cspec 0.3.0-snapshot'
PACKAGE_TARNAME='cspec'
PACKAGE_URL=''
PACKAGE_VERSION='0.3.0-snapshot'
PATH_SEPARATOR=':'
PROFILE_FALSE=''
PROFILE_TRUE='#'
RANLIB='ranlib'
SET_MAKE=''
SHELL='/bin/sh'
STRIP=''
VERSION='0.3.0-snapshot'
ac_ct_CC='gcc'
am__EXEEXT_FALSE=''
am__EXEEXT_TRUE='#'
am__fastdepCC_FALSE='#'
am__fastdepCC_TRUE=''
am__include='include'
am__isrc=''
am__leading_dot='.'
am__nodep='_no'
am__quote=''
am__tar='$${TAR-tar} chof - "$$tardir"'
am__untar='$${TAR-tar} xf -'
bindir='${exec_prefix}/bin'
build_alias=''
datadir='${datarootdir}'
datarootdir='${prefix}/share'
docdir='${datarootdir}/doc/${PACKAGE_TARNAME}'
dvidir='${docdir}'
exec_prefix='${prefix}'
host_alias=''
htmldir='${docdir}'
includedir='${prefix}/include'
infodir='${datarootdir}/info'
install_sh='${SHELL} /Users/uorbe001/installed_native/cspec/install-sh'
libdir='${exec_prefix}/lib'
libexecdir='${exec_prefix}/libexec'
localedir='${datarootdir}/locale'
localstatedir='${prefix}/var'
mandir='${datarootdir}/man'
mkdir_p='$(top_builddir)/./install-sh -c -d'
oldincludedir='/usr/include'
pdfdir='${docdir}'
prefix='/usr/local'
program_transform_name='s,x,x,'
psdir='${docdir}'
sbindir='${exec_prefix}/sbin'
sharedstatedir='${prefix}/com'
sysconfdir='${prefix}/etc'
target_alias=''

## ----------- ##
## confdefs.h. ##
## ----------- ##

/* confdefs.h */
#define PACKAGE_NAME "cspec"
#define PACKAGE_TARNAME "cspec"
#define PACKAGE_VERSION "0.3.0-snapshot"
#define PACKAGE_STRING "cspec 0.3.0-snapshot"
#define PACKAGE_BUGREPORT "quanyangyi0323@gmail.com"
#define PACKAGE_URL ""
#define PACKAGE "cspec"
#define VERSION "0.3.0-snapshot"
#define STDC_HEADERS 1
#define HAVE_SYS_TYPES_H 1
#define HAVE_SYS_STAT_H 1
#define HAVE_STDLIB_H 1
#define HAVE_STRING_H 1
#define HAVE_MEMORY_H 1
#define HAVE_STRINGS_H 1
#define HAVE_INTTYPES_H 1
#define HAVE_STDINT_H 1
#define HAVE_UNISTD_H 1
#define HAVE_MEMORY_H 1
#define HAVE_STDLIB_H 1
#define HAVE_STRING_H 1
#define HAVE_STDLIB_H 1
#define HAVE_MALLOC 1
#define HAVE_STDLIB_H 1
#define HAVE_REALLOC 1
#define HAVE_VPRINTF 1
#define HAVE_MEMSET 1
#define HAVE_STRDUP 1

configure: exit 0

## ---------------------- ##
## Running config.status. ##
## ---------------------- ##

This file was extended by cspec config.status 0.3.0-snapshot, which was
generated by GNU Autoconf 2.69.  Invocation command line was

  CONFIG_FILES    = 
  CONFIG_HEADERS  = 
  CONFIG_LINKS    = 
  CONFIG_COMMANDS = 
  $ ./config.status examples/spec/Makefile depfiles

on Unais-MacBook-Air.local

config.status:867: creating examples/spec/Makefile
config.status:1096: executing depfiles commands
